\BOOKMARK [0][-]{part.1}{\376\377\173\054\116\000\220\350\122\006\000\040\213\376\172\013\213\272\145\207\230\230\166\356}{}% 1
\BOOKMARK [0][-]{part.2}{\376\377\173\054\116\214\220\350\122\006\000\040\213\376\172\013\213\272\145\207\121\205\133\271}{}% 2
\BOOKMARK [1][-]{section.1}{\376\377\167\345\213\306\210\150\171\072\116\016\143\250\164\006}{part.2}% 3
\BOOKMARK [2][-]{subsection.1.1}{\376\377\167\345\213\306\116\016\167\345\213\306\210\150\171\072}{section.1}% 4
\BOOKMARK [2][-]{subsection.1.2}{\376\377\170\156\133\232\140\047\143\250\164\006}{section.1}% 5
\BOOKMARK [3][-]{subsubsection.1.2.1}{\376\377\170\156\133\232\140\047\143\250\164\006\145\271\154\325\116\113\124\057\123\321\140\047\144\034\175\042\173\227\154\325}{subsection.1.2}% 6
\BOOKMARK [3][-]{subsubsection.1.2.2}{\376\377\116\000\171\315\124\057\123\321\140\047\144\034\175\042\173\227\154\325\166\204\136\224\165\050}{subsection.1.2}% 7
\BOOKMARK [2][-]{subsection.1.3}{\376\377\116\015\170\156\133\232\140\047\143\250\164\006}{section.1}% 8
\BOOKMARK [3][-]{subsubsection.1.3.1}{\376\377\116\015\170\156\133\232\140\047\143\250\164\006\116\113\116\073\211\302\215\035\123\366\145\257\145\271\154\325}{subsection.1.3}% 9
\BOOKMARK [3][-]{subsubsection.1.3.2}{\376\377\116\000\171\315\116\073\211\302\215\035\123\366\145\257\145\271\154\325\166\204\136\224\165\050}{subsection.1.3}% 10
\BOOKMARK [1][-]{section.2}{\376\377\144\034\175\042\116\016\225\356\230\230\154\102\211\343}{part.2}% 11
\BOOKMARK [2][-]{subsection.2.1}{\376\377\144\034\175\042\116\016\225\356\230\230\154\102\211\343}{section.2}% 12
\BOOKMARK [2][-]{subsection.2.2}{\376\377\173\200\123\125\220\127\117\040\173\227\154\325\211\343\121\263\121\153\166\207\124\016\225\356\230\230\116\055\164\006\213\272\116\016\213\276\213\241}{section.2}% 13
\BOOKMARK [3][-]{subsubsection.2.2.1}{\376\377\220\127\117\040\173\227\154\325\173\200\116\313}{subsection.2.2}% 14
\BOOKMARK [3][-]{subsubsection.2.2.2}{\376\377\220\127\117\040\173\227\154\325\165\050\116\216\121\153\166\207\124\016\225\356\230\230\166\204\116\313\176\315}{subsection.2.2}% 15
\BOOKMARK [3][-]{subsubsection.2.2.3}{\376\377\146\156\220\032\220\127\117\040\173\227\154\325\211\343\121\263\121\153\166\207\124\016\225\356\230\230\166\204\121\167\117\123\133\236\163\260}{subsection.2.2}% 16
\BOOKMARK [2][-]{subsection.2.3}{\376\377\116\011\171\315\145\071\217\333\220\127\117\040\173\227\154\325\211\343\121\263\121\153\166\207\124\016\225\356\230\230\166\204\213\276\213\241\124\214\176\323\213\272}{section.2}% 17
\BOOKMARK [3][-]{subsubsection.2.3.1}{\376\377\220\127\117\040\173\227\154\325\145\071\217\333\116\113\201\352\220\002\136\224\220\127\117\040\173\227\154\325\211\343\121\263\121\153\166\207\124\016\225\356\230\230}{subsection.2.3}% 18
\BOOKMARK [3][-]{subsubsection.2.3.2}{\376\377\220\127\117\040\173\227\154\325\145\071\217\333\116\113\123\314\120\015\117\123\220\127\117\040\173\227\154\325\211\343\121\263\121\153\166\207\124\016\225\356\230\230}{subsection.2.3}% 19
\BOOKMARK [3][-]{subsubsection.2.3.3}{\376\377\220\127\117\040\173\227\154\325\145\071\217\333\116\113\123\314\171\315\177\244\220\127\117\040\173\227\154\325\211\343\121\263\121\153\166\207\124\016\225\356\230\230}{subsection.2.3}% 20
\BOOKMARK [3][-]{subsubsection.2.3.4}{\376\377\116\011\171\315\145\071\217\333\220\127\117\040\173\227\154\325\211\343\121\263\121\153\166\207\124\016\225\356\230\230\166\204\133\236\232\214\133\371\153\324\124\214\176\323\213\272}{subsection.2.3}% 21
\BOOKMARK [1][-]{section.3}{\376\377\147\072\126\150\133\146\116\140\127\372\147\054\164\006\213\272\116\016\145\271\154\325}{part.2}% 22
\BOOKMARK [2][-]{subsection.3.1}{\376\377\147\072\126\150\133\146\116\140\166\204\127\372\147\054\151\202\137\365\123\312\121\166\133\146\116\140\173\126\165\145}{section.3}% 23
\BOOKMARK [2][-]{subsection.3.2}{\376\377\116\272\135\345\171\136\176\317\177\121\176\334\123\312\121\166\136\224\165\050}{section.3}% 24
\BOOKMARK [3][-]{subsubsection.3.2.1}{\376\377\116\272\135\345\171\136\176\317\177\121\176\334\166\204\176\323\147\204\213\276\213\241}{subsection.3.2}% 25
\BOOKMARK [3][-]{subsubsection.3.2.2}{\376\377\116\272\135\345\171\136\176\317\177\121\176\334\166\204\133\146\116\140\173\227\154\325}{subsection.3.2}% 26
\BOOKMARK [3][-]{subsubsection.3.2.3}{\376\377\116\272\135\345\171\136\176\317\177\121\176\334\127\050\116\016\230\204\155\113\124\214\126\376\120\317\145\271\227\142\166\204\136\224\165\050}{subsection.3.2}% 27
\BOOKMARK [1][-]{section.4}{\376\377\140\073\176\323}{part.2}% 28
\BOOKMARK [2][-]{subsection.4.1}{\376\377\147\054\145\207\221\315\160\271\121\205\133\271\140\073\176\323}{section.4}% 29
\BOOKMARK [2][-]{subsection.4.2}{\376\377\176\323\213\272\060\001\145\066\203\267\124\214\201\364\214\042}{section.4}% 30
